2025-08-02 17:23:08,707 - INFO - 智能自动填充工具（托盘版）初始化完成
2025-08-02 17:23:08,707 - INFO - 智能自动填充工具（托盘版）启动中...
2025-08-02 17:23:08,844 - INFO - 鼠标进入输入框: (2930, 1226)
2025-08-02 17:23:08,844 - INFO - 智能自动填充工具（托盘版）已启动
2025-08-02 17:23:08,844 - INFO - 现在复制文本到剪贴板，鼠标悬停在输入框上即可自动填充
2025-08-02 17:23:08,844 - INFO - 检测到剪贴板变化: 我想做一个关于农业产业互联网这个小程序，其中关于AI智能就是语音输入，并且结合大模型的这样的一个调研...
2025-08-02 17:23:09,027 - INFO - 智能填充完成: 我想做一个关于农业产业互联网这个小程序，其中关于AI智能就是语音输入，并且结合大模型的这样的一个调研...
2025-08-02 17:23:56,008 - INFO - 检测到剪贴板变化: 我想做一个关于农业产业互联网这个小程序，其中关于AI智能就是语音输入，并且结合大模型的这样的一个调研...
2025-08-02 17:23:56,009 - INFO - 内容与上次相同，跳过自动填充
2025-08-02 17:23:59,635 - INFO - 检测到剪贴板变化: 我想做一个关于农业产业互联网这个小程序，其中关于AI智能就是语音输入，并且结合大模型的这样的一个调研...
2025-08-02 17:23:59,636 - INFO - 内容与上次相同，跳过自动填充
2025-08-02 17:24:00,445 - INFO - 检测到剪贴板变化: 我想做一个关于农业产业互联网这个小程序，其中关于AI智能就是语音输入，并且结合大模型的这样的一个调研...
2025-08-02 17:24:00,445 - INFO - 内容与上次相同，跳过自动填充
2025-08-02 17:24:01,350 - INFO - 检测到剪贴板变化: 我想做一个关于农业产业互联网这个小程序，其中关于AI智能就是语音输入，并且结合大模型的这样的一个调研...
2025-08-02 17:24:01,350 - INFO - 内容与上次相同，跳过自动填充
2025-08-02 17:26:25,043 - INFO - 检测到剪贴板变化: 7291
2025-08-02 17:26:25,199 - INFO - 智能填充完成: 7291
2025-08-02 17:26:41,287 - INFO - 检测到剪贴板变化: 我想做一个关于农业产业互联网这个小程序，其中关于AI智能就是语音输入，并且结合大模型的这样的一个调研...
2025-08-02 17:26:41,445 - INFO - 智能填充完成: 我想做一个关于农业产业互联网这个小程序，其中关于AI智能就是语音输入，并且结合大模型的这样的一个调研...
2025-08-02 17:26:41,747 - INFO - 检测到剪贴板变化: 我想做一个关于农业产业互联网这个小程序，其中关于AI智能就是语音输入，并且结合大模型的这样的一个调研...
2025-08-02 17:26:41,747 - INFO - 内容与上次相同，跳过自动填充
2025-08-02 17:26:41,948 - INFO - 检测到剪贴板变化: 我想做一个关于农业产业互联网这个小程序，其中关于AI智能就是语音输入，并且结合大模型的这样的一个调研...
2025-08-02 17:26:41,948 - INFO - 内容与上次相同，跳过自动填充
2025-08-02 17:27:03,057 - INFO - 检测到剪贴板变化: 你好
2025-08-02 17:27:03,217 - INFO - 智能填充完成: 你好
2025-08-02 17:27:08,645 - INFO - 检测到剪贴板变化: 我想做一个关于农业产业互联网这个小程序，其中关于AI智能就是语音输入，并且结合大模型的这样的一个调研...
2025-08-02 17:27:08,801 - INFO - 智能填充完成: 我想做一个关于农业产业互联网这个小程序，其中关于AI智能就是语音输入，并且结合大模型的这样的一个调研...
2025-08-02 17:27:58,568 - INFO - 检测到剪贴板变化: 你好
2025-08-02 17:27:58,724 - INFO - 智能填充完成: 你好
2025-08-02 17:28:05,858 - INFO - 检测到剪贴板变化: 我想做一个关于农业产业互联网这个小程序，其中关于AI智能就是语音输入，并且结合大模型的这样的一个调研...
2025-08-02 17:28:06,026 - INFO - 智能填充完成: 我想做一个关于农业产业互联网这个小程序，其中关于AI智能就是语音输入，并且结合大模型的这样的一个调研...
2025-08-02 17:30:09,955 - INFO - 检测到剪贴板变化: 你好啊
2025-08-02 17:30:10,110 - INFO - 智能填充完成: 你好啊
2025-08-02 17:30:24,885 - INFO - 检测到剪贴板变化: 不对哈
2025-08-02 17:30:25,040 - INFO - 智能填充完成: 不对哈
2025-08-02 17:30:39,914 - INFO - 检测到剪贴板变化: 你好啊
2025-08-02 17:30:40,070 - INFO - 智能填充完成: 你好啊
2025-08-02 17:30:42,485 - INFO - 检测到剪贴板变化: 我想做一个关于农业产业互联网这个小程序，其中关于AI智能就是语音输入，并且结合大模型的这样的一个调研...
2025-08-02 17:30:42,642 - INFO - 智能填充完成: 我想做一个关于农业产业互联网这个小程序，其中关于AI智能就是语音输入，并且结合大模型的这样的一个调研...
2025-08-02 17:31:26,062 - INFO - 智能填充功能已禁用
2025-08-02 17:31:33,341 - INFO - 正在停止智能自动填充工具...
2025-08-02 17:31:33,342 - INFO - 智能自动填充工具已停止
2025-08-02 17:31:33,342 - ERROR - An error occurred when calling message handler
Traceback (most recent call last):
  File "C:\Users\15037\AppData\Local\Programs\Python\Python313\Lib\site-packages\pystray\_win32.py", line 412, in _dispatcher
    return int(icon._message_handlers.get(
               ~~~~~~~~~~~~~~~~~~~~~~~~~~~
        uMsg, lambda w, l: 0)(wParam, lParam) or 0)
        ~~~~~~~~~~~~~~~~~~~~~^^^^^^^^^^^^^^^^
  File "C:\Users\15037\AppData\Local\Programs\Python\Python313\Lib\site-packages\pystray\_win32.py", line 224, in _on_notify
    descriptors[index - 1](self)
    ~~~~~~~~~~~~~~~~~~~~~~^^^^^^
  File "C:\Users\15037\AppData\Local\Programs\Python\Python313\Lib\site-packages\pystray\_base.py", line 328, in inner
    callback(self)
    ~~~~~~~~^^^^^^
  File "C:\Users\15037\AppData\Local\Programs\Python\Python313\Lib\site-packages\pystray\_base.py", line 453, in __call__
    return self._action(icon, self)
           ~~~~~~~~~~~~^^^^^^^^^^^^
  File "C:\Users\15037\AppData\Local\Programs\Python\Python313\Lib\site-packages\pystray\_base.py", line 548, in wrapper0
    return action()
  File "D:\Lan_Company\01-AI-code-all\08-自动输入\smart_auto_fill_tray.py", line 348, in stop
    sys.exit(0)
    ~~~~~~~~^^^
SystemExit: 0
2025-08-02 17:32:27,280 - INFO - 智能自动填充工具（托盘版）初始化完成
2025-08-02 17:32:27,280 - INFO - 智能自动填充工具（托盘版）启动中...
2025-08-02 17:32:27,365 - INFO - 鼠标进入输入框: (2659, 1052)
2025-08-02 17:32:27,365 - INFO - 智能自动填充工具（托盘版）已启动
2025-08-02 17:32:27,365 - INFO - 现在复制文本到剪贴板，鼠标悬停在输入框上即可自动填充
2025-08-02 17:32:27,366 - INFO - 检测到剪贴板变化: 你好啊
2025-08-02 17:32:44,161 - INFO - 检测到剪贴板变化: 你好
2025-08-02 17:32:48,281 - INFO - 检测到剪贴板变化: 你好啊
2025-08-02 17:32:54,608 - INFO - 检测到剪贴板变化: 不对哈
2025-08-02 17:33:00,840 - INFO - 检测到剪贴板变化: o okk
2025-08-02 17:35:23,867 - INFO - 检测到剪贴板变化: 统计
2025-08-02 17:35:37,533 - INFO - 检测到剪贴板变化: 统计
2025-08-02 17:35:41,552 - INFO - 检测到剪贴板变化: 统计
2025-08-02 17:35:42,254 - INFO - 检测到剪贴板变化: 统计
2025-08-02 17:35:42,457 - INFO - 检测到剪贴板变化: 统计
2025-08-02 17:35:43,365 - INFO - 检测到剪贴板变化: 统计
2025-08-02 17:35:43,767 - INFO - 检测到剪贴板变化: 统计
2025-08-02 17:35:45,075 - INFO - 检测到剪贴板变化: 统计
2025-08-02 17:35:45,779 - INFO - 检测到剪贴板变化: 统计
2025-08-02 17:35:46,648 - INFO - 正在停止智能自动填充工具...
2025-08-02 17:35:46,649 - INFO - 智能自动填充工具已停止
2025-08-02 17:35:46,650 - ERROR - An error occurred when calling message handler
Traceback (most recent call last):
  File "C:\Users\15037\AppData\Local\Programs\Python\Python313\Lib\site-packages\pystray\_win32.py", line 412, in _dispatcher
    return int(icon._message_handlers.get(
               ~~~~~~~~~~~~~~~~~~~~~~~~~~~
        uMsg, lambda w, l: 0)(wParam, lParam) or 0)
        ~~~~~~~~~~~~~~~~~~~~~^^^^^^^^^^^^^^^^
  File "C:\Users\15037\AppData\Local\Programs\Python\Python313\Lib\site-packages\pystray\_win32.py", line 224, in _on_notify
    descriptors[index - 1](self)
    ~~~~~~~~~~~~~~~~~~~~~~^^^^^^
  File "C:\Users\15037\AppData\Local\Programs\Python\Python313\Lib\site-packages\pystray\_base.py", line 328, in inner
    callback(self)
    ~~~~~~~~^^^^^^
  File "C:\Users\15037\AppData\Local\Programs\Python\Python313\Lib\site-packages\pystray\_base.py", line 453, in __call__
    return self._action(icon, self)
           ~~~~~~~~~~~~^^^^^^^^^^^^
  File "C:\Users\15037\AppData\Local\Programs\Python\Python313\Lib\site-packages\pystray\_base.py", line 548, in wrapper0
    return action()
  File "D:\Lan_Company\01-AI-code-all\08-自动输入\smart_auto_fill_tray.py", line 348, in stop
    sys.exit(0)
    ~~~~~~~~^^^
SystemExit: 0
